Determining if the pthread_create exist failed with the following output:
Change Dir: /home/russell/Autonomous-Driving-Stack/catkin_ws/build/CMakeFiles/CMakeTmp

Run Build Command:"/usr/bin/make" "cmTC_33583/fast"
/usr/bin/make -f CMakeFiles/cmTC_33583.dir/build.make CMakeFiles/cmTC_33583.dir/build
make[1]: Entering directory '/home/russell/Autonomous-Driving-Stack/catkin_ws/build/CMakeFiles/CMakeTmp'
Building C object CMakeFiles/cmTC_33583.dir/CheckSymbolExists.c.o
/usr/bin/cc     -o CMakeFiles/cmTC_33583.dir/CheckSymbolExists.c.o   -c /home/russell/Autonomous-Driving-Stack/catkin_ws/build/CMakeFiles/CMakeTmp/CheckSymbolExists.c
Linking C executable cmTC_33583
/usr/bin/cmake -E cmake_link_script CMakeFiles/cmTC_33583.dir/link.txt --verbose=1
/usr/bin/cc       CMakeFiles/cmTC_33583.dir/CheckSymbolExists.c.o  -o cmTC_33583 -rdynamic 
CMakeFiles/cmTC_33583.dir/CheckSymbolExists.c.o: In function `main':
CheckSymbolExists.c:(.text+0x16): undefined reference to `pthread_create'
collect2: error: ld returned 1 exit status
CMakeFiles/cmTC_33583.dir/build.make:97: recipe for target 'cmTC_33583' failed
make[1]: *** [cmTC_33583] Error 1
make[1]: Leaving directory '/home/russell/Autonomous-Driving-Stack/catkin_ws/build/CMakeFiles/CMakeTmp'
Makefile:126: recipe for target 'cmTC_33583/fast' failed
make: *** [cmTC_33583/fast] Error 2

File /home/russell/Autonomous-Driving-Stack/catkin_ws/build/CMakeFiles/CMakeTmp/CheckSymbolExists.c:
/* */
#include <pthread.h>

int main(int argc, char** argv)
{
  (void)argv;
#ifndef pthread_create
  return ((int*)(&pthread_create))[argc];
#else
  (void)argc;
  return 0;
#endif
}

Determining if the function pthread_create exists in the pthreads failed with the following output:
Change Dir: /home/russell/Autonomous-Driving-Stack/catkin_ws/build/CMakeFiles/CMakeTmp

Run Build Command:"/usr/bin/make" "cmTC_366ab/fast"
/usr/bin/make -f CMakeFiles/cmTC_366ab.dir/build.make CMakeFiles/cmTC_366ab.dir/build
make[1]: Entering directory '/home/russell/Autonomous-Driving-Stack/catkin_ws/build/CMakeFiles/CMakeTmp'
Building C object CMakeFiles/cmTC_366ab.dir/CheckFunctionExists.c.o
/usr/bin/cc    -DCHECK_FUNCTION_EXISTS=pthread_create   -o CMakeFiles/cmTC_366ab.dir/CheckFunctionExists.c.o   -c /usr/share/cmake-3.5/Modules/CheckFunctionExists.c
Linking C executable cmTC_366ab
/usr/bin/cmake -E cmake_link_script CMakeFiles/cmTC_366ab.dir/link.txt --verbose=1
/usr/bin/cc   -DCHECK_FUNCTION_EXISTS=pthread_create    CMakeFiles/cmTC_366ab.dir/CheckFunctionExists.c.o  -o cmTC_366ab -rdynamic -lpthreads 
/usr/bin/ld: cannot find -lpthreads
collect2: error: ld returned 1 exit status
CMakeFiles/cmTC_366ab.dir/build.make:97: recipe for target 'cmTC_366ab' failed
make[1]: *** [cmTC_366ab] Error 1
make[1]: Leaving directory '/home/russell/Autonomous-Driving-Stack/catkin_ws/build/CMakeFiles/CMakeTmp'
Makefile:126: recipe for target 'cmTC_366ab/fast' failed
make: *** [cmTC_366ab/fast] Error 2


